2024-07-17T00:39:59.354+01:00  INFO 46072 --- [final] [restartedMain] com.securite.urbaine.FinalApplication    : Starting FinalApplication using Java 17.0.11 with PID 46072 (C:\Users\ahmed\OneDrive\Bureau\SEPROJET\securite-urbaine\final SE\final\target\classes started by ahmed in C:\Users\ahmed\OneDrive\Bureau\SEPROJET\securite-urbaine\final SE\final)
2024-07-17T00:39:59.362+01:00  INFO 46072 --- [final] [restartedMain] com.securite.urbaine.FinalApplication    : No active profile set, falling back to 1 default profile: "default"
2024-07-17T00:39:59.461+01:00  INFO 46072 --- [final] [restartedMain] .e.DevToolsPropertyDefaultsPostProcessor : Devtools property defaults active! Set 'spring.devtools.add-properties' to 'false' to disable
2024-07-17T00:39:59.462+01:00  INFO 46072 --- [final] [restartedMain] .e.DevToolsPropertyDefaultsPostProcessor : For additional web related logging consider setting the 'logging.level.web' property to 'DEBUG'
2024-07-17T00:40:00.820+01:00  INFO 46072 --- [final] [restartedMain] o.s.b.w.embedded.tomcat.TomcatWebServer  : Tomcat initialized with port 8080 (http)
2024-07-17T00:40:00.830+01:00  INFO 46072 --- [final] [restartedMain] o.apache.catalina.core.StandardService   : Starting service [Tomcat]
2024-07-17T00:40:00.831+01:00  INFO 46072 --- [final] [restartedMain] o.apache.catalina.core.StandardEngine    : Starting Servlet engine: [Apache Tomcat/10.1.25]
2024-07-17T00:40:00.889+01:00  INFO 46072 --- [final] [restartedMain] o.a.c.c.C.[Tomcat].[localhost].[/]       : Initializing Spring embedded WebApplicationContext
2024-07-17T00:40:00.890+01:00  INFO 46072 --- [final] [restartedMain] w.s.c.ServletWebServerApplicationContext : Root WebApplicationContext: initialization completed in 1428 ms
2024-07-17T00:40:01.017+01:00  INFO 46072 --- [final] [restartedMain] o.s.b.a.w.s.WelcomePageHandlerMapping    : Adding welcome page template: index
2024-07-17T00:40:01.325+01:00  WARN 46072 --- [final] [restartedMain] o.s.b.d.a.OptionalLiveReloadServer       : Unable to start LiveReload server
2024-07-17T00:40:01.353+01:00  INFO 46072 --- [final] [restartedMain] o.s.b.w.embedded.tomcat.TomcatWebServer  : Tomcat started on port 8080 (http) with context path '/'
2024-07-17T00:40:01.360+01:00  INFO 46072 --- [final] [restartedMain] com.securite.urbaine.FinalApplication    : Started FinalApplication in 3.059 seconds (process running for 4.162)
2024-07-17T00:40:14.300+01:00  INFO 46072 --- [final] [http-nio-8080-exec-1] o.a.c.c.C.[Tomcat].[localhost].[/]       : Initializing Spring DispatcherServlet 'dispatcherServlet'
2024-07-17T00:40:14.300+01:00  INFO 46072 --- [final] [http-nio-8080-exec-1] o.s.web.servlet.DispatcherServlet        : Initializing Servlet 'dispatcherServlet'
2024-07-17T00:40:14.301+01:00  INFO 46072 --- [final] [http-nio-8080-exec-1] o.s.web.servlet.DispatcherServlet        : Completed initialization in 1 ms
2024-07-17T00:41:50.854+01:00  WARN 46072 --- [final] [http-nio-8080-exec-3] com.github.fommil.netlib.ARPACK          : Failed to load implementation from: com.github.fommil.netlib.NativeSystemARPACK
2024-07-17T00:41:50.954+01:00  INFO 46072 --- [final] [http-nio-8080-exec-3] com.github.fommil.jni.JniLoader          : successfully loaded C:\Users\ahmed\AppData\Local\Temp\jniloader12786716057733171579netlib-native_ref-win-x86_64.dll
2024-07-17T09:13:56.586+01:00  INFO 10320 --- [final] [restartedMain] com.securite.urbaine.FinalApplication    : Starting FinalApplication using Java 17.0.11 with PID 10320 (C:\Users\ahmed\OneDrive\Bureau\SEPROJET\securite-urbaine\final SE\final\target\classes started by ahmed in C:\Users\ahmed\OneDrive\Bureau\SEPROJET\securite-urbaine\final SE\final)
2024-07-17T09:13:56.589+01:00  INFO 10320 --- [final] [restartedMain] com.securite.urbaine.FinalApplication    : No active profile set, falling back to 1 default profile: "default"
2024-07-17T09:13:56.643+01:00  INFO 10320 --- [final] [restartedMain] .e.DevToolsPropertyDefaultsPostProcessor : Devtools property defaults active! Set 'spring.devtools.add-properties' to 'false' to disable
2024-07-17T09:13:56.643+01:00  INFO 10320 --- [final] [restartedMain] .e.DevToolsPropertyDefaultsPostProcessor : For additional web related logging consider setting the 'logging.level.web' property to 'DEBUG'
2024-07-17T09:13:57.404+01:00  INFO 10320 --- [final] [restartedMain] o.s.b.w.embedded.tomcat.TomcatWebServer  : Tomcat initialized with port 8080 (http)
2024-07-17T09:13:57.413+01:00  INFO 10320 --- [final] [restartedMain] o.apache.catalina.core.StandardService   : Starting service [Tomcat]
2024-07-17T09:13:57.413+01:00  INFO 10320 --- [final] [restartedMain] o.apache.catalina.core.StandardEngine    : Starting Servlet engine: [Apache Tomcat/10.1.25]
2024-07-17T09:13:57.452+01:00  INFO 10320 --- [final] [restartedMain] o.a.c.c.C.[Tomcat].[localhost].[/]       : Initializing Spring embedded WebApplicationContext
2024-07-17T09:13:57.453+01:00  INFO 10320 --- [final] [restartedMain] w.s.c.ServletWebServerApplicationContext : Root WebApplicationContext: initialization completed in 810 ms
2024-07-17T09:13:57.543+01:00  INFO 10320 --- [final] [restartedMain] o.s.b.a.w.s.WelcomePageHandlerMapping    : Adding welcome page template: index
2024-07-17T09:13:57.760+01:00  WARN 10320 --- [final] [restartedMain] o.s.b.d.a.OptionalLiveReloadServer       : Unable to start LiveReload server
2024-07-17T09:13:57.785+01:00  INFO 10320 --- [final] [restartedMain] o.s.b.w.embedded.tomcat.TomcatWebServer  : Tomcat started on port 8080 (http) with context path '/'
2024-07-17T09:13:57.792+01:00  INFO 10320 --- [final] [restartedMain] com.securite.urbaine.FinalApplication    : Started FinalApplication in 1.713 seconds (process running for 2.5)
2024-07-17T09:14:17.512+01:00  INFO 10320 --- [final] [http-nio-8080-exec-1] o.a.c.c.C.[Tomcat].[localhost].[/]       : Initializing Spring DispatcherServlet 'dispatcherServlet'
2024-07-17T09:14:17.512+01:00  INFO 10320 --- [final] [http-nio-8080-exec-1] o.s.web.servlet.DispatcherServlet        : Initializing Servlet 'dispatcherServlet'
2024-07-17T09:14:17.512+01:00  INFO 10320 --- [final] [http-nio-8080-exec-1] o.s.web.servlet.DispatcherServlet        : Completed initialization in 0 ms
